Sun Sep 14 01:28:09 IDT 2025:  Branch connected: MainBranch at port 63819
Sun Sep 14 01:31:51 IDT 2025:  Branch connected: MainBranch at port 63966
Sun Sep 14 01:34:08 IDT 2025:  Branch connected: MainBranch at port 63994
Sun Sep 14 01:34:17 IDT 2025: MainBranch: David Cohen logged in.
Sun Sep 14 11:03:35 IDT 2025:  Branch connected: MainBranch at port 64369
Sun Sep 14 11:03:41 IDT 2025: MainBranch: administrator administrator logged in.
Sun Sep 14 11:04:30 IDT 2025:  Branch connected: MainBranch at port 64379
Sun Sep 14 11:04:34 IDT 2025: MainBranch: administrator administrator logged in.
Sun Sep 14 11:08:04 IDT 2025:  Branch connected: MainBranch at port 64411
Sun Sep 14 11:08:09 IDT 2025: MainBranch: administrator administrator logged in.
Sun Sep 14 11:32:42 IDT 2025:  Branch connected: MainBranch at port 64571
Sun Sep 14 11:32:46 IDT 2025: MainBranch: administrator administrator logged in.
Sun Sep 14 11:33:21 IDT 2025: MainBranch added Customer: Lior Smith (ID: 5) at branch MainBranch
Sun Sep 14 11:33:38 IDT 2025: MainBranch deleted Customer ID: 5
Sun Sep 14 11:36:08 IDT 2025:  Branch connected: MainBranch at port 64604
Sun Sep 14 11:36:11 IDT 2025: MainBranch: administrator administrator logged in.
Sun Sep 14 11:37:05 IDT 2025: MainBranch added Customer: Jane Levi (ID: 5) at branch MainBranch
Sun Sep 14 11:37:23 IDT 2025: MainBranch added Customer: Ducon FDP (ID: 6) at branch MainBranch
Sun Sep 14 11:37:29 IDT 2025: MainBranch deleted Customer ID: 6
Sun Sep 14 11:39:22 IDT 2025:  Branch connected: MainBranch at port 64627
Sun Sep 14 11:39:24 IDT 2025: MainBranch: administrator administrator logged in.
Sun Sep 14 11:42:26 IDT 2025:  Branch connected: MainBranch at port 64663
Sun Sep 14 11:42:37 IDT 2025: MainBranch: administrator administrator logged in.
Sun Sep 14 11:43:04 IDT 2025: MainBranch added StockItem: Bluetooth-Speaker (ID: 67242)
Sun Sep 14 11:43:45 IDT 2025: MainBranch StockItem ID 67242 quantity modified to 15
Sun Sep 14 11:57:33 IDT 2025:  Branch connected: MainBranch at port 64958
Sun Sep 14 11:57:37 IDT 2025: MainBranch: administrator administrator logged in.
Sun Sep 14 11:58:35 IDT 2025: MainBranch StockItem ID 18971 quantity modified to 17
Sun Sep 14 12:17:47 IDT 2025:  Branch connected: MainBranch at port 65309
Sun Sep 14 12:17:55 IDT 2025: MainBranch: administrator administrator logged in.
Sun Sep 14 12:19:22 IDT 2025: Added Employee: Shana Tova (ID: 1) at branch MainBranch
Sun Sep 14 12:19:47 IDT 2025:  Branch connected: MainBranch at port 65328
Sun Sep 14 12:20:12 IDT 2025: MainBranch: Shana Tova logged in.
Sun Sep 14 12:21:28 IDT 2025: MainBranch added StockItem: Combat-Helicopter (ID: 60438)
Sun Sep 14 12:22:06 IDT 2025:  Branch connected: MainBranch at port 65346
Sun Sep 14 12:22:13 IDT 2025: MainBranch: David Cohen logged in.
Sun Sep 14 12:38:08 IDT 2025:  Branch connected: MainBranch at port 49240
Sun Sep 14 12:38:17 IDT 2025: MainBranch: David Cohen logged in.
Sun Sep 14 12:39:53 IDT 2025: MainBranch added StockItem: Elegant-Red-Jeans (ID: 49040)
Sun Sep 14 12:40:31 IDT 2025: MainBranch added StockItem: Biscuits (ID: 17723)
Sun Sep 14 17:12:16 IDT 2025:  Branch connected: MainBranch at port 53062
Sun Sep 14 17:12:30 IDT 2025: MainBranch: David Cohen logged in.
Sun Sep 14 17:14:29 IDT 2025:  Branch connected: MainBranch at port 53110
Sun Sep 14 17:14:34 IDT 2025: MainBranch: administrator administrator logged in.
Sun Sep 14 17:17:16 IDT 2025:  Branch connected: MainBranch at port 53144
Sun Sep 14 17:17:19 IDT 2025: MainBranch: administrator administrator logged in.
Sun Sep 14 17:19:19 IDT 2025:  Branch connected: MainBranch at port 53165
Sun Sep 14 17:19:25 IDT 2025:  Branch connected: MainBranch at port 53172
Sun Sep 14 17:19:28 IDT 2025: MainBranch: administrator administrator logged in.
Sun Sep 14 17:22:17 IDT 2025:  Branch connected: MainBranch at port 53192
Sun Sep 14 17:22:20 IDT 2025: MainBranch: administrator administrator logged in.
Sun Sep 14 17:22:30 IDT 2025:  Branch connected: MainBranch at port 53196
Sun Sep 14 17:22:45 IDT 2025: MainBranch: David Cohen logged in.
Sun Sep 14 17:25:54 IDT 2025:  Branch connected: MainBranch at port 53226
Sun Sep 14 17:25:57 IDT 2025: MainBranch: administrator administrator logged in.
Sun Sep 14 17:36:35 IDT 2025:  Branch connected: MainBranch at port 53317
Sun Sep 14 17:36:40 IDT 2025: MainBranch: David Cohen logged in.
Sun Sep 14 17:42:08 IDT 2025:  Branch connected: MainBranch at port 53375
Sun Sep 14 17:42:17 IDT 2025: MainBranch: David Cohen logged in.
Sun Sep 14 17:44:41 IDT 2025:  Branch connected: MainBranch at port 53416
Sun Sep 14 17:44:49 IDT 2025: MainBranch: administrator administrator logged in.
Sun Sep 14 17:47:42 IDT 2025:  Branch connected: MainBranch at port 53445
Sun Sep 14 17:47:56 IDT 2025:  Branch connected: MainBranch at port 53449
Sun Sep 14 17:48:03 IDT 2025: MainBranch: David Cohen logged in.
Sun Sep 14 17:48:31 IDT 2025:  Branch connected: MainBranch at port 53457
Sun Sep 14 17:48:37 IDT 2025: MainBranch: David Cohen logged in.
Sun Sep 14 17:48:53 IDT 2025:  Branch connected: MainBranch at port 53468
Sun Sep 14 17:49:02 IDT 2025: MainBranch: David Cohen logged in.
Sun Sep 14 17:52:52 IDT 2025:  Branch connected: MainBranch at port 53528
Sun Sep 14 17:53:01 IDT 2025: MainBranch: David Cohen logged in.
Sun Sep 14 18:26:27 IDT 2025:  Branch connected: MainBranch at port 54010
Sun Sep 14 18:26:43 IDT 2025: MainBranch: David Cohen logged in.
Sun Sep 14 18:27:44 IDT 2025:  Branch connected: MainBranch at port 54031
Sun Sep 14 18:27:52 IDT 2025: MainBranch: David Cohen logged in.
Sun Sep 14 18:32:18 IDT 2025:  Branch connected: MainBranch at port 54084
Sun Sep 14 18:32:21 IDT 2025: MainBranch: administrator administrator logged in.
Sun Sep 14 18:45:49 IDT 2025:  Branch connected: MainBranch at port 54261
Sun Sep 14 18:45:58 IDT 2025: MainBranch: David Cohen logged in.
Sun Sep 14 19:14:16 IDT 2025:  Branch connected: MainBranch at port 54727
Sun Sep 14 19:14:24 IDT 2025: MainBranch: administrator administrator logged in.
Sun Sep 14 19:17:00 IDT 2025:  Branch connected: MainBranch at port 54746
Sun Sep 14 19:17:08 IDT 2025:  Branch connected: MainBranch at port 54751
Sun Sep 14 19:17:12 IDT 2025: MainBranch: administrator administrator logged in.
Sun Sep 14 19:19:11 IDT 2025:  Branch connected: MainBranch at port 54775
Sun Sep 14 19:19:16 IDT 2025: MainBranch: David Cohen logged in.
Sun Sep 14 19:19:44 IDT 2025: David-Cohen@MainBranch started chat session with MainBranch
Sun Sep 14 19:23:08 IDT 2025:  Branch connected: MainBranch at port 54825
Sun Sep 14 19:23:11 IDT 2025: MainBranch: administrator administrator logged in.
Sun Sep 14 19:24:57 IDT 2025:  Branch connected: MainBranch at port 54847
Sun Sep 14 19:25:06 IDT 2025: MainBranch: administrator administrator logged in.
Sun Sep 14 19:26:38 IDT 2025:  Branch connected: MainBranch at port 54855
Sun Sep 14 19:26:42 IDT 2025: MainBranch: administrator administrator logged in.
Sun Sep 14 19:30:25 IDT 2025:  Branch connected: MainBranch at port 54887
Sun Sep 14 19:39:20 IDT 2025:  Branch connected: MainBranch at port 54945
Sun Sep 14 19:41:00 IDT 2025:  Branch connected: SecondBranch at port 54958
Sun Sep 14 19:41:15 IDT 2025: MainBranch: administrator administrator logged in.
Sun Sep 14 19:42:57 IDT 2025:  Branch connected: SecondBranch at port 54966
Sun Sep 14 19:43:34 IDT 2025: MainBranch: David Cohen logged in.
Sun Sep 14 19:43:43 IDT 2025: MainBranch: administrator administrator logged in.
Sun Sep 14 20:36:39 IDT 2025:  Branch connected: SecondBranch at port 55552
Sun Sep 14 20:37:12 IDT 2025: SecondBranch: administrator administrator logged in.
Sun Sep 14 20:37:43 IDT 2025: SecondBranch added Customer: Jean-Christophe Dupuis (ID: 1) at branch SecondBranch
Sun Sep 14 20:39:07 IDT 2025:  Branch connected: MainBranch at port 55561
Sun Sep 14 20:40:08 IDT 2025:  Branch connected: SecondBranch at port 55566
Sun Sep 14 20:44:47 IDT 2025:  Branch connected: SecondBranch at port 55610
Sun Sep 14 20:45:16 IDT 2025: SecondBranch: administrator administrator logged in.
Sun Sep 14 20:45:34 IDT 2025:  Branch connected: SecondBranch at port 55616
Sun Sep 14 20:46:43 IDT 2025:  Branch connected: MainBranch at port 55633
Sun Sep 14 20:49:23 IDT 2025: Added Employee: Juan Levi (ID: 1) at branch SecondBranch
Sun Sep 14 20:52:50 IDT 2025:  Branch connected: SecondBranch at port 55658
Sun Sep 14 20:53:08 IDT 2025: SecondBranch: Juan Levi logged in.
Sun Sep 14 20:53:25 IDT 2025:  Branch connected: MainBranch at port 55660
Sun Sep 14 20:56:11 IDT 2025: SecondBranch: administrator administrator logged in.
Sun Sep 14 21:00:36 IDT 2025:  Branch connected: MainBranch at port 55759
Sun Sep 14 21:05:33 IDT 2025:  Branch connected: MainBranch at port 55816
Sun Sep 14 21:05:44 IDT 2025: MainBranch: David Cohen logged in.
Sun Sep 14 21:06:07 IDT 2025:  Branch connected: SecondBranch at port 55823
Sun Sep 14 21:06:25 IDT 2025:  Branch connected: SecondBranch at port 55825
Sun Sep 14 21:28:47 IDT 2025:  Branch connected: SecondBranch at port 56029
Sun Sep 14 21:29:03 IDT 2025:  Branch connected: SecondBranch at port 56035
Sun Sep 14 21:29:11 IDT 2025: SecondBranch: Juan Levi logged in.
Sun Sep 14 21:29:21 IDT 2025:  Branch connected: MainBranch at port 56039
Sun Sep 14 21:31:55 IDT 2025:  Branch connected: MainBranch at port 56066
Sun Sep 14 21:32:06 IDT 2025: MainBranch: David Cohen logged in.
Sun Sep 14 21:32:18 IDT 2025:  Branch connected: SecondBranch at port 56074
Sun Sep 14 21:34:41 IDT 2025: MainBranch: administrator administrator logged in.
Sun Sep 14 21:38:59 IDT 2025:  Branch connected: MainBranch at port 56126
Sun Sep 14 21:41:13 IDT 2025:  Branch connected: MainBranch at port 56152
Sun Sep 14 21:47:06 IDT 2025:  Branch connected: MainBranch at port 56194
Sun Sep 14 21:47:16 IDT 2025: MainBranch: administrator administrator logged in.
Sun Sep 14 21:47:30 IDT 2025:  Branch connected: SecondBranch at port 56197
Sun Sep 14 21:47:34 IDT 2025: MainBranch: administrator administrator logged in.
Sun Sep 14 21:51:04 IDT 2025:  Branch connected: SecondBranch at port 56218
Sun Sep 14 21:51:15 IDT 2025: MainBranch: administrator administrator logged in.
Sun Sep 14 21:53:34 IDT 2025:  Branch connected: SecondBranch at port 56235
Sun Sep 14 21:53:39 IDT 2025: ALL_BRANCHES: administrator administrator logged in.
Sun Sep 14 21:55:13 IDT 2025: Added Employee: David Cohen (ID: 1) at branch SecondBranch
Sun Sep 14 21:55:29 IDT 2025:  Branch connected: MainBranch at port 56260
Sun Sep 14 21:55:33 IDT 2025: ALL_BRANCHES: administrator administrator logged in.
Sun Sep 14 21:56:37 IDT 2025: Added Employee: Anna Levi (ID: 1) at branch MainBranch
Sun Sep 14 22:24:08 IDT 2025:  Branch connected: MainBranch at port 56408
Sun Sep 14 22:24:43 IDT 2025:  Branch connected: MainBranch at port 56415
Sun Sep 14 22:25:13 IDT 2025: ALL_BRANCHES: administrator administrator logged in.
Sun Sep 14 22:27:14 IDT 2025:  Branch connected: MainBranch at port 56437
Sun Sep 14 22:27:20 IDT 2025: ALL_BRANCHES: administrator administrator logged in.
Sun Sep 14 22:31:16 IDT 2025:  Branch connected: MainBranch at port 56465
Sun Sep 14 22:31:56 IDT 2025: SecondBranch: David Cohen logged in.
Sun Sep 14 22:32:35 IDT 2025:  Branch connected: MainBranch at port 56471
Sun Sep 14 22:32:42 IDT 2025: ALL_BRANCHES: administrator administrator logged in.
Sun Sep 14 22:33:44 IDT 2025: Added Employee: Juan Carlos (ID: 2) at branch MainBranch
Sun Sep 14 22:36:18 IDT 2025:  Branch connected: MainBranch at port 56503
Sun Sep 14 22:36:30 IDT 2025: MainBranch: Juan Carlos logged in.
Sun Sep 14 22:38:32 IDT 2025:  Branch connected: MainBranch at port 56518
Sun Sep 14 22:38:48 IDT 2025: MainBranch: Juan Carlos logged in.
Sun Sep 14 22:39:47 IDT 2025: MainBranch deleted Employee ID: 2
Sun Sep 14 22:41:48 IDT 2025: MainBranch deleted Employee ID: 1
Sun Sep 14 22:44:54 IDT 2025: Added Employee: Juan Carlos (ID: 3) at branch MainBranch
Sun Sep 14 22:45:03 IDT 2025:  Branch connected: MainBranch at port 56552
Sun Sep 14 22:45:22 IDT 2025: MainBranch: Juan Carlos logged in.
Sun Sep 14 22:46:34 IDT 2025: Added Employee: Anna Levi (ID: 4) at branch MainBranch
Sun Sep 14 23:08:04 IDT 2025:  Branch connected: MainBranch at port 56719
Sun Sep 14 23:08:32 IDT 2025: MainBranch: Anna Levi logged in.
Sun Sep 14 23:11:30 IDT 2025:  Branch connected: MainBranch at port 56745
Sun Sep 14 23:11:43 IDT 2025: MainBranch: Anna Levi logged in.
Sun Sep 14 23:12:11 IDT 2025: MainBranch added StockItem: Table (ID: 19229)
Sun Sep 14 23:15:50 IDT 2025:  Branch connected: MainBranch at port 56788
Sun Sep 14 23:15:58 IDT 2025: MainBranch: Anna Levi logged in.
Sun Sep 14 23:17:31 IDT 2025:  Branch connected: MainBranch at port 56800
Sun Sep 14 23:17:39 IDT 2025: MainBranch: Anna Levi logged in.
Sun Sep 14 23:18:01 IDT 2025: MainBranch added StockItem: Table (ID: 56747)
Sun Sep 14 23:19:51 IDT 2025:  Branch connected: MainBranch at port 56818
Sun Sep 14 23:21:35 IDT 2025:  Branch connected: MainBranch at port 56827
Sun Sep 14 23:21:47 IDT 2025: MainBranch: Juan Carlos logged in.
Sun Sep 14 23:22:31 IDT 2025: MainBranch added StockItem: Table (ID: 76819)
Sun Sep 14 23:23:05 IDT 2025:  Branch connected: SecondBranch at port 56832
Sun Sep 14 23:23:47 IDT 2025: ALL_BRANCHES: administrator administrator logged in.
Sun Sep 14 23:24:32 IDT 2025: Added Employee: David Cohen (ID: 5) at branch SecondBranch
Sun Sep 14 23:26:55 IDT 2025:  Branch connected: MainBranch at port 56850
Sun Sep 14 23:28:28 IDT 2025:  Branch connected: MainBranch at port 56860
Sun Sep 14 23:29:11 IDT 2025:  Branch connected: MainBranch at port 56869
Sun Sep 14 23:30:39 IDT 2025:  Branch connected: MainBranch at port 56880
Sun Sep 14 23:31:03 IDT 2025: ALL_BRANCHES: administrator administrator logged in.
Sun Sep 14 23:32:36 IDT 2025: MainBranch added StockItem: Biscuits (ID: 77485)
Sun Sep 14 23:36:58 IDT 2025:  Branch connected: MainBranch at port 56911
Sun Sep 14 23:37:25 IDT 2025: MainBranch: Anna Levi logged in.
Sun Sep 14 23:38:13 IDT 2025: MainBranch added StockItem: Combat-Helicopter (ID: 17892)
Sun Sep 14 23:48:24 IDT 2025:  Branch connected: MainBranch at port 56972
Sun Sep 14 23:48:38 IDT 2025: MainBranch: Anna Levi logged in.
Sun Sep 14 23:54:16 IDT 2025:  Branch connected: MainBranch at port 57008
Sun Sep 14 23:54:25 IDT 2025: MainBranch: Anna Levi logged in.
Sun Sep 14 23:55:59 IDT 2025:  Branch connected: MainBranch at port 57041
Sun Sep 14 23:56:07 IDT 2025: MainBranch: Anna Levi logged in.
Mon Sep 15 00:09:33 IDT 2025:  Branch connected: MainBranch at port 57147
Mon Sep 15 00:09:48 IDT 2025: MainBranch: Anna Levi logged in.
Mon Sep 15 00:10:43 IDT 2025:  Branch connected: MainBranch at port 57155
Mon Sep 15 00:11:23 IDT 2025: MainBranch: Juan Carlos logged in.
Mon Sep 15 00:11:57 IDT 2025: MainBranch added StockItem: Table (ID: 3462)
Mon Sep 15 00:12:46 IDT 2025: MainBranch added StockItem: Blue-Jeans (ID: 69333)
Mon Sep 15 00:13:21 IDT 2025:  Branch connected: MainBranch at port 57166
Mon Sep 15 00:13:33 IDT 2025: MainBranch: Anna Levi logged in.
Mon Sep 15 00:14:27 IDT 2025: MainBranch added Customer: Amir Hanan (ID: 1) at branch MainBranch
Mon Sep 15 00:16:08 IDT 2025:  Branch connected: SecondaryBranch at port 57192
Mon Sep 15 00:16:33 IDT 2025: SecondBranch: David Cohen logged in.
Mon Sep 15 00:16:46 IDT 2025:  Branch connected: MainBranch at port 57196
Mon Sep 15 00:17:09 IDT 2025: MainBranch: Anna Levi logged in.
Mon Sep 15 00:21:17 IDT 2025:  Branch connected: SecondaryBranch at port 57216
Mon Sep 15 00:21:43 IDT 2025: MainBranch: Anna Levi logged in.
Mon Sep 15 00:25:32 IDT 2025:  Branch connected: SecondaryBranch at port 57235
Mon Sep 15 00:25:36 IDT 2025: ALL_BRANCHES: administrator administrator logged in.
Mon Sep 15 00:26:02 IDT 2025:  Branch connected: SecondaryBranch at port 57244
Mon Sep 15 00:26:10 IDT 2025: SecondBranch: David Cohen logged in.
Mon Sep 15 00:27:45 IDT 2025:  Branch connected: SecondaryBranch at port 57255
Mon Sep 15 00:28:06 IDT 2025: SecondBranch: David Cohen logged in.
Mon Sep 15 00:30:18 IDT 2025:  Branch connected: SecondaryBranch at port 57272
Mon Sep 15 00:30:29 IDT 2025: SecondBranch: David Cohen logged in.
Mon Sep 15 00:32:06 IDT 2025:  Branch connected: SecondaryBranch at port 57284
Mon Sep 15 00:32:25 IDT 2025: SecondBranch: David Cohen logged in.
Mon Sep 15 00:33:13 IDT 2025:  Branch connected: MainBranch at port 57291
Mon Sep 15 00:33:36 IDT 2025: MainBranch: Juan Carlos logged in.
Mon Sep 15 00:33:49 IDT 2025:  Branch connected: SecondaryBranch at port 57305
Mon Sep 15 00:34:13 IDT 2025: SecondBranch: David Cohen logged in.
Mon Sep 15 00:35:19 IDT 2025:  Branch connected: SecondaryBranch at port 57316
Mon Sep 15 00:35:31 IDT 2025: SecondBranch: David Cohen logged in.
Mon Sep 15 00:40:09 IDT 2025:  Branch connected: SecondaryBranch at port 57337
Mon Sep 15 00:40:32 IDT 2025: SecondBranch: David Cohen logged in.
Mon Sep 15 00:40:52 IDT 2025:  Branch connected: MainBranch at port 57340
Mon Sep 15 00:41:42 IDT 2025: MainBranch: Juan Carlos logged in.
Mon Sep 15 00:50:32 IDT 2025:  Branch connected: SecondaryBranch at port 57398
Mon Sep 15 00:51:02 IDT 2025: SecondBranch: David Cohen logged in.
Mon Sep 15 00:54:39 IDT 2025:  Branch connected: SecondaryBranch at port 57422
Mon Sep 15 00:54:50 IDT 2025: SecondBranch: David Cohen logged in.
Mon Sep 15 00:57:48 IDT 2025:  Branch connected: SecondaryBranch at port 57458
Mon Sep 15 00:58:14 IDT 2025: SecondBranch: David Cohen logged in.
Mon Sep 15 01:01:34 IDT 2025:  Branch connected: SecondaryBranch at port 57484
Mon Sep 15 01:01:51 IDT 2025: SecondBranch: David Cohen logged in.
Mon Sep 15 01:03:36 IDT 2025:  Branch connected: SecondaryBranch at port 57508
Mon Sep 15 01:04:45 IDT 2025:  Branch connected: MainBranch at port 57519
Mon Sep 15 01:04:59 IDT 2025:  Branch connected: MainBranch at port 57524
Mon Sep 15 01:05:19 IDT 2025: MainBranch: Juan Carlos logged in.
Mon Sep 15 01:05:29 IDT 2025:  Branch connected: SecondaryBranch at port 57529
Mon Sep 15 01:05:59 IDT 2025: SecondBranch: David Cohen logged in.
Mon Sep 15 01:09:58 IDT 2025:  Branch connected: MainBranch at port 57557
Mon Sep 15 01:10:34 IDT 2025: MainBranch: Juan Carlos logged in.
Mon Sep 15 01:14:38 IDT 2025:  Branch connected: MainBranch at port 57595
Mon Sep 15 01:14:53 IDT 2025: MainBranch: Juan Carlos logged in.
Mon Sep 15 01:15:33 IDT 2025:  Branch connected: SecondaryBranch at port 57605
Mon Sep 15 01:15:54 IDT 2025: SecondBranch: David Cohen logged in.
Mon Sep 15 01:16:07 IDT 2025:  Branch connected: MainBranch at port 57609
Mon Sep 15 01:16:16 IDT 2025: MainBranch: Juan Carlos logged in.
Mon Sep 15 01:19:28 IDT 2025:  Branch connected: MainBranch at port 57636
Mon Sep 15 01:19:39 IDT 2025: MainBranch: Juan Carlos logged in.
Mon Sep 15 01:19:45 IDT 2025:  Branch connected: SecondaryBranch at port 57638
Mon Sep 15 01:19:57 IDT 2025: SecondBranch: David Cohen logged in.
Mon Sep 15 01:30:10 IDT 2025:  Branch connected: MainBranch at port 57689
Mon Sep 15 01:30:19 IDT 2025: MainBranch: Juan Carlos logged in.
Mon Sep 15 01:30:24 IDT 2025:  Branch connected: SecondaryBranch at port 57692
Mon Sep 15 01:30:36 IDT 2025: SecondBranch: David Cohen logged in.
Mon Sep 15 01:36:36 IDT 2025:  Branch connected: SecondaryBranch at port 57739
Mon Sep 15 01:36:47 IDT 2025: SecondBranch: David Cohen logged in.
Mon Sep 15 01:36:55 IDT 2025:  Branch connected: MainBranch at port 57743
Mon Sep 15 01:37:21 IDT 2025: MainBranch: Juan Carlos logged in.
Mon Sep 15 01:37:45 IDT 2025: Juan-Carlos@MainBranch started chat session with SecondaryBranch
Mon Sep 15 02:18:45 IDT 2025:  Branch connected: MainBranch at port 58087
Mon Sep 15 02:18:52 IDT 2025: ALL_BRANCHES: administrator administrator logged in.
Mon Sep 15 02:20:49 IDT 2025:  Branch connected: MainBranch at port 58110
Mon Sep 15 02:20:59 IDT 2025:  Branch connected: MainBranch at port 58115
Mon Sep 15 02:21:15 IDT 2025: MainBranch: Juan Carlos logged in.
Mon Sep 15 02:22:10 IDT 2025:  Branch connected: MainBranch at port 58121
Mon Sep 15 02:25:14 IDT 2025:  Branch connected: SecondaryBranch at port 58147
Mon Sep 15 02:25:24 IDT 2025: SecondBranch: David Cohen logged in.
Mon Sep 15 02:25:33 IDT 2025:  Branch connected: MainBranch at port 58149
Mon Sep 15 02:25:42 IDT 2025: MainBranch: Juan Carlos logged in.
Mon Sep 15 02:27:22 IDT 2025: Juan-Carlos@MainBranch started chat session with SecondaryBranch
Mon Sep 15 02:29:00 IDT 2025:  Branch connected: SecondaryBranch at port 58169
Mon Sep 15 02:29:23 IDT 2025: SecondBranch: David Cohen logged in.
Mon Sep 15 02:31:06 IDT 2025:  Branch connected: SecondaryBranch at port 58183
Mon Sep 15 02:31:24 IDT 2025: MainBranch: Juan Carlos logged in.
Mon Sep 15 02:31:44 IDT 2025:  Branch connected: MainBranch at port 58185
Mon Sep 15 02:31:53 IDT 2025: SecondBranch: David Cohen logged in.
Mon Sep 15 02:32:14 IDT 2025: David-Cohen@MainBranch started chat session with SecondaryBranch
Mon Sep 15 02:47:25 IDT 2025:  Branch connected: SecondaryBranch at port 58379
Mon Sep 15 02:47:54 IDT 2025: MainBranch: Juan Carlos logged in.
Mon Sep 15 02:48:04 IDT 2025:  Branch connected: MainBranch at port 58383
Mon Sep 15 02:49:11 IDT 2025:  Branch connected: SecondaryBranch at port 58398
Mon Sep 15 02:49:28 IDT 2025: SecondBranch: David Cohen logged in.
Mon Sep 15 02:49:36 IDT 2025:  Branch connected: MainBranch at port 58402
Mon Sep 15 02:49:42 IDT 2025: MainBranch: Juan Carlos logged in.
Mon Sep 15 02:49:59 IDT 2025: Juan-Carlos@MainBranch started chat session with SecondaryBranch
Mon Sep 15 03:10:58 IDT 2025:  Branch connected: MainBranch at port 58686
Mon Sep 15 03:11:12 IDT 2025: MainBranch: Juan Carlos logged in.
Mon Sep 15 03:12:25 IDT 2025:  Branch connected: MainBranch at port 58705
Mon Sep 15 03:12:36 IDT 2025: MainBranch: Juan Carlos logged in.
Mon Sep 15 03:16:18 IDT 2025:  Branch connected: MainBranch at port 58739
Mon Sep 15 03:16:21 IDT 2025: ALL_BRANCHES: administrator administrator logged in.
Mon Sep 15 03:19:53 IDT 2025:  Branch connected: MainBranch at port 58755
Mon Sep 15 03:19:57 IDT 2025: ALL_BRANCHES: administrator administrator logged in.
Mon Sep 15 03:20:17 IDT 2025: MainBranch StockItem ID 3462 quantity modified to 14
Mon Sep 15 03:20:55 IDT 2025:  Branch connected: MainBranch at port 58768
Mon Sep 15 03:21:06 IDT 2025: SecondBranch: David Cohen logged in.
Mon Sep 15 03:24:53 IDT 2025:  Branch connected: MainBranch at port 58785
Mon Sep 15 03:24:59 IDT 2025: MainBranch: Juan Carlos logged in.
Mon Sep 15 03:25:25 IDT 2025: Juan-Carlos@MainBranch started chat session with SecondaryBranch
Mon Sep 15 03:31:54 IDT 2025:  Branch connected: MainBranch at port 58852
Mon Sep 15 03:34:11 IDT 2025:  Branch connected: MainBranch at port 58865
Mon Sep 15 03:34:22 IDT 2025: MainBranch: Juan Carlos logged in.
Mon Sep 15 03:36:02 IDT 2025:  Branch connected: MainBranch at port 58887
Mon Sep 15 03:36:13 IDT 2025: ALL_BRANCHES: administrator administrator logged in.
Mon Sep 15 03:37:06 IDT 2025: administrator-administrator@MainBranch started chat session with ALL_BRANCHES
Mon Sep 15 03:38:23 IDT 2025:  Branch connected: MainBranch at port 58899
Mon Sep 15 03:40:36 IDT 2025:  Branch connected: MainBranch at port 58917
Mon Sep 15 03:40:43 IDT 2025: ALL_BRANCHES: administrator administrator logged in.
Mon Sep 15 03:41:34 IDT 2025: MainBranch added Customer: Kevin Ali (ID: 2) at branch MainBranch
Mon Sep 15 03:45:24 IDT 2025:  Branch connected: MainBranch at port 58965
Mon Sep 15 03:45:29 IDT 2025: ALL_BRANCHES: administrator administrator logged in.
Mon Sep 15 03:45:51 IDT 2025:  Branch connected: MainBranch at port 58972
Mon Sep 15 03:45:55 IDT 2025: ALL_BRANCHES: administrator administrator logged in.
Mon Sep 15 03:46:52 IDT 2025: Added Employee: John Smith (ID: 1) at branch MainBranch
Mon Sep 15 03:47:37 IDT 2025: MainBranch Bought 3 of Item ID 69333 new quantity: 26
Mon Sep 15 03:49:13 IDT 2025:  Branch connected: MainBranch at port 58992
Mon Sep 15 03:49:26 IDT 2025: MainBranch: John Smith logged in.
Mon Sep 15 03:56:40 IDT 2025:  Branch connected: MainBranch at port 59063
Mon Sep 15 03:56:47 IDT 2025: ALL_BRANCHES: administrator administrator logged in.
Mon Sep 15 03:57:47 IDT 2025:  Branch connected: MainBranch at port 59077
Mon Sep 15 03:57:52 IDT 2025: ALL_BRANCHES: administrator administrator logged in.
Mon Sep 15 03:58:57 IDT 2025: MainBranch added Customer: Marc Christopher (ID: 3) at branch MainBranch
Mon Sep 15 04:00:34 IDT 2025:  Branch connected: MainBranch at port 59099
Mon Sep 15 04:00:44 IDT 2025: SecondBranch: David Cohen logged in.
Mon Sep 15 04:07:31 IDT 2025:  Branch connected: MainBranch at port 59144
Mon Sep 15 04:07:38 IDT 2025:  Branch connected: MainBranch at port 59147
Mon Sep 15 04:07:51 IDT 2025: MainBranch: Anna Levi logged in.
Mon Sep 15 04:11:50 IDT 2025:  Branch connected: MainBranch at port 59181
Mon Sep 15 04:12:06 IDT 2025:  Branch connected: MainBranch at port 59185
Mon Sep 15 04:14:23 IDT 2025:  Branch connected: MainBranch at port 59222
Mon Sep 15 04:14:34 IDT 2025: MainBranch: Anna Levi logged in.
Mon Sep 15 04:14:54 IDT 2025:  Sale submitted: model.Sale@3950ec6f at branch MainBranch
Mon Sep 15 04:18:02 IDT 2025:  Branch connected: MainBranch at port 59245
Mon Sep 15 04:20:44 IDT 2025:  Branch connected: MainBranch at port 59266
Mon Sep 15 04:20:51 IDT 2025: MainBranch: Anna Levi logged in.
Mon Sep 15 04:21:04 IDT 2025:  Sale submitted: model.Sale@3950ec6f at branch MainBranch
Mon Sep 15 04:23:23 IDT 2025:  Branch connected: MainBranch at port 59279
Mon Sep 15 04:23:49 IDT 2025: SecondBranch: David Cohen logged in.
Mon Sep 15 04:24:01 IDT 2025:  Sale submitted: model.Sale@9ab071c at branch MainBranch
Mon Sep 15 04:25:53 IDT 2025:  Branch connected: MainBranch at port 59300
Mon Sep 15 04:25:59 IDT 2025: MainBranch: Anna Levi logged in.
Mon Sep 15 04:26:09 IDT 2025:  Sale submitted: model.Sale@3950ec6f at branch MainBranch
Mon Sep 15 13:49:51 IDT 2025:  Branch connected: MainBranch at port 60059
Mon Sep 15 13:50:49 IDT 2025: MainBranch: John Smith logged in.
Mon Sep 15 13:59:44 IDT 2025:  Branch connected: MainBranch at port 60160
Mon Sep 15 14:00:07 IDT 2025: MainBranch: Juan Carlos logged in.
Mon Sep 15 14:11:14 IDT 2025:  Branch connected: MainBranch at port 60244
Mon Sep 15 14:11:29 IDT 2025: MainBranch: Juan Carlos logged in.
Mon Sep 15 14:13:28 IDT 2025:  Branch connected: MainBranch at port 60260
Mon Sep 15 14:13:35 IDT 2025: ALL_BRANCHES: administrator administrator logged in.
Mon Sep 15 14:21:57 IDT 2025:  Branch connected: MainBranch at port 60325
Mon Sep 15 14:22:00 IDT 2025: ALL_BRANCHES: administrator administrator logged in.
Mon Sep 15 14:22:37 IDT 2025:  Branch connected: MainBranch at port 60331
Mon Sep 15 14:22:42 IDT 2025: ALL_BRANCHES: administrator administrator logged in.
Mon Sep 15 14:27:14 IDT 2025:  Branch connected: MainBranch at port 60357
Mon Sep 15 14:27:18 IDT 2025: ALL_BRANCHES: administrator administrator logged in.
Mon Sep 15 14:32:24 IDT 2025:  Branch connected: MainBranch at port 60384
Mon Sep 15 14:32:27 IDT 2025: ALL_BRANCHES: administrator administrator logged in.
Mon Sep 15 14:35:38 IDT 2025:  Branch connected: MainBranch at port 60403
Mon Sep 15 14:35:44 IDT 2025: ALL_BRANCHES: administrator administrator logged in.
Mon Sep 15 14:35:59 IDT 2025: administrator-administrator@MainBranch started chat session with SecondaryBranch
Mon Sep 15 14:37:06 IDT 2025:  Branch connected: MainBranch at port 60418
Mon Sep 15 14:37:11 IDT 2025: ALL_BRANCHES: administrator administrator logged in.
Mon Sep 15 14:37:26 IDT 2025: administrator-administrator@MainBranch started chat session with SecondaryBranch
Mon Sep 15 14:38:00 IDT 2025:  Branch connected: MainBranch at port 60425
Mon Sep 15 14:38:04 IDT 2025: ALL_BRANCHES: administrator administrator logged in.
Mon Sep 15 14:38:21 IDT 2025: administrator-administrator@MainBranch started chat session with ALL_BRANCHES
Mon Sep 15 14:38:44 IDT 2025: administrator-administrator@MainBranch started chat session with SecondaryBranch
Mon Sep 15 15:26:29 IDT 2025:  Branch connected: MainBranch at port 60758
Mon Sep 15 15:26:32 IDT 2025: ALL_BRANCHES: administrator administrator logged in.
Mon Sep 15 15:27:52 IDT 2025:  Branch connected: MainBranch at port 60775
Mon Sep 15 15:27:54 IDT 2025: ALL_BRANCHES: administrator administrator logged in.
Mon Sep 15 15:36:31 IDT 2025:  Branch connected: MainBranch at port 60857
Mon Sep 15 15:36:37 IDT 2025: CONNECTION: ALL_BRANCHES: administrator administrator logged in.
Mon Sep 15 15:36:59 IDT 2025: ADDED:MainBranch added StockItem: Apples (ID: 40363)
Mon Sep 15 15:37:35 IDT 2025:  Branch connected: MainBranch at port 60881
Mon Sep 15 15:37:50 IDT 2025: CONNECTION: SecondBranch: David Cohen logged in.
Mon Sep 15 15:38:20 IDT 2025: SALE: Sale submitted: model.Sale@55b486dd at branch MainBranch
Mon Sep 15 15:39:02 IDT 2025: MESSAGE:David-Cohen@MainBranch sent to SecondaryBranch: [2025-09-15T15:39:02.954462 - Sent By: SecondBranch David Cohen] Are you here bro ???
Mon Sep 15 15:39:19 IDT 2025:  Branch connected: MainBranch at port 60897
Mon Sep 15 15:39:22 IDT 2025: CONNECTION: ALL_BRANCHES: administrator administrator logged in.
Mon Sep 15 15:40:55 IDT 2025: ADDED:MainBranch added StockItem: Computer (ID: 61928)
Mon Sep 15 15:41:17 IDT 2025: STOCKS:MainBranch StockItem ID 3462 quantity modified to 12
